[debug] [2026-06-30T14:18:02.317Z] ----------------------------------------------------------------------
[debug] [2026-06-30T14:18:02.322Z] Command:       C:\Program Files\nodejs\node.exe C:\Users\User\AppData\Local\npm-cache\_npx\ba4f1959e38407b5\node_modules\firebase-tools\lib\bin\firebase.js projects:list
[debug] [2026-06-30T14:18:02.322Z] CLI Version:   15.22.3
[debug] [2026-06-30T14:18:02.322Z] Platform:      win32
[debug] [2026-06-30T14:18:02.322Z] Node Version:  v25.2.1
[debug] [2026-06-30T14:18:02.322Z] Detected Agent: antigravity
[debug] [2026-06-30T14:18:02.322Z] Time:          Tue Jun 30 2026 22:18:02 GMT+0800 (Malaysia Time)
[debug] [2026-06-30T14:18:02.322Z] ----------------------------------------------------------------------
[debug] 
[debug] [2026-06-30T14:18:02.327Z] >>> [apiv2][query] GET https://firebase-public.firebaseio.com/cli.json [none]
[debug] [2026-06-30T14:18:02.388Z] > command requires scopes: ["email","openid","https://www.googleapis.com/auth/cloudplatformprojects.readonly","https://www.googleapis.com/auth/firebase","https://www.googleapis.com/auth/cloud-platform"]
[debug] [2026-06-30T14:18:02.388Z] > authorizing via signed-in user (ayylianur@gmail.com)
[debug] [2026-06-30T14:18:02.395Z] Checked if tokens are valid: false, expires at: 1753536148439
[debug] [2026-06-30T14:18:02.395Z] Checked if tokens are valid: false, expires at: 1753536148439
[debug] [2026-06-30T14:18:02.397Z] > refreshing access token with scopes: []
[debug] [2026-06-30T14:18:02.400Z] >>> [apiv2][query] POST https://www.googleapis.com/oauth2/v3/token [none]
[debug] [2026-06-30T14:18:02.400Z] >>> [apiv2][body] POST https://www.googleapis.com/oauth2/v3/token [omitted]
[debug] [2026-06-30T14:18:02.561Z] <<< [apiv2][status] POST https://www.googleapis.com/oauth2/v3/token 400
[debug] [2026-06-30T14:18:02.562Z] <<< [apiv2][body] POST https://www.googleapis.com/oauth2/v3/token [omitted]
[debug] [2026-06-30T14:18:02.563Z] >>> [apiv2][query] GET https://firebase.googleapis.com/v1beta1/projects pageSize=1000
[debug] [2026-06-30T14:18:02.910Z] <<< [apiv2][status] GET https://firebase-public.firebaseio.com/cli.json 200
[debug] [2026-06-30T14:18:02.911Z] <<< [apiv2][body] GET https://firebase-public.firebaseio.com/cli.json {"cloudBuildErrorAfter":1594252800000,"cloudBuildWarnAfter":1590019200000,"defaultNode10After":1594252800000,"minVersion":"3.0.5","node8DeploysDisabledAfter":1613390400000,"node8RuntimeDisabledAfter":1615809600000,"node8WarnAfter":1600128000000}
[debug] [2026-06-30T14:18:06.370Z] <<< [apiv2][status] GET https://firebase.googleapis.com/v1beta1/projects 401
[debug] [2026-06-30T14:18:06.370Z] <<< [apiv2][body] GET https://firebase.googleapis.com/v1beta1/projects [omitted]
[debug] [2026-06-30T14:18:06.371Z] Got a 401 Unauthenticated error for a call that required authentication. Refreshing tokens.
[debug] [2026-06-30T14:18:06.371Z] Checked if tokens are valid: false, expires at: 1753536148439
[debug] [2026-06-30T14:18:06.371Z] Checked if tokens are valid: false, expires at: 1753536148439
[debug] [2026-06-30T14:18:06.371Z] > refreshing access token with scopes: []
[debug] [2026-06-30T14:18:06.372Z] >>> [apiv2][query] POST https://www.googleapis.com/oauth2/v3/token [none]
[debug] [2026-06-30T14:18:06.373Z] >>> [apiv2][body] POST https://www.googleapis.com/oauth2/v3/token [omitted]
[debug] [2026-06-30T14:18:06.408Z] <<< [apiv2][status] POST https://www.googleapis.com/oauth2/v3/token 400
[debug] [2026-06-30T14:18:06.409Z] <<< [apiv2][body] POST https://www.googleapis.com/oauth2/v3/token [omitted]
[debug] [2026-06-30T14:18:06.412Z] Request to https://firebase.googleapis.com/v1beta1/projects?pageSize=1000 had HTTP Error: 401, Request had invalid authentication credentials. Expected OAuth 2 access token, login cookie or other valid authentication credential. See https://developers.google.com/identity/sign-in/web/devconsole-project.
[debug] [2026-06-30T14:18:06.526Z] FirebaseError: Request to https://firebase.googleapis.com/v1beta1/projects?pageSize=1000 had HTTP Error: 401, Request had invalid authentication credentials. Expected OAuth 2 access token, login cookie or other valid authentication credential. See https://developers.google.com/identity/sign-in/web/devconsole-project.
    at responseToError (C:\Users\User\AppData\Local\npm-cache\_npx\ba4f1959e38407b5\node_modules\firebase-tools\lib\responseToError.js:53:12)
    at RetryOperation._fn (C:\Users\User\AppData\Local\npm-cache\_npx\ba4f1959e38407b5\node_modules\firebase-tools\lib\apiv2.js:381:77)
    at process.processTicksAndRejections (node:internal/process/task_queues:103:5)
[error] 
[error] Error: Failed to list Firebase projects. See firebase-debug.log for more info.
